C:\Program Files (x86)\Microsoft Visual Studio\2017\Community\MSBuild\15.0\Bin\Microsoft.Common.CurrentVersion.targets(1767,5): warning : The referenced project 'C:\Users\admin\Desktop\my--Base-Directx11_2\Win32Project1\BulletPhysics\ZERO_CHECK.vcxproj' does not exist.
  btKinematicCharacterController.cpp
  btConeTwistConstraint.cpp
  btContactConstraint.cpp
  btFixedConstraint.cpp
  btGearConstraint.cpp
  btGeneric6DofConstraint.cpp
  btGeneric6DofSpring2Constraint.cpp
  btGeneric6DofSpringConstraint.cpp
  btHinge2Constraint.cpp
  btHingeConstraint.cpp
  btNNCGConstraintSolver.cpp
  btPoint2PointConstraint.cpp
  btSequentialImpulseConstraintSolver.cpp
  btSliderConstraint.cpp
  btSolve2LinearConstraint.cpp
  btTypedConstraint.cpp
  btUniversalConstraint.cpp
  btDiscreteDynamicsWorld.cpp
  btDiscreteDynamicsWorldMt.cpp
  btRigidBody.cpp
  코드를 생성하고 있습니다...
  컴파일하고 있습니다...
  btSimpleDynamicsWorld.cpp
  btSimulationIslandManagerMt.cpp
  btMultiBody.cpp
  btMultiBodyConstraint.cpp
  btMultiBodyConstraintSolver.cpp
  btMultiBodyDynamicsWorld.cpp
  btMultiBodyFixedConstraint.cpp
  btMultiBodyGearConstraint.cpp
  btMultiBodyJointLimitConstraint.cpp
  btMultiBodyJointMotor.cpp
  btMultiBodyPoint2Point.cpp
  btMultiBodySliderConstraint.cpp
  btDantzigLCP.cpp
  btLemkeAlgorithm.cpp
c:\users\admin\documents\bullet3-master\src\bulletdynamics\mlcpsolvers\btLemkeAlgorithm.h : warning C4819: 현재 코드 페이지(949)에서 표시할 수 없는 문자가 파일에 들어 있습니다. 데이터가 손실되지 않게 하려면 해당 파일을 유니코드 형식으로 저장하십시오.
  btMLCPSolver.cpp
  btRaycastVehicle.cpp
  btWheelInfo.cpp
  코드를 생성하고 있습니다...
  BulletDynamics.vcxproj -> C:\Users\admin\Desktop\my--Base-Directx11_2\Win32Project1\BulletPhysics\lib\Debug\BulletDynamics_Debug.lib
